<?xml version="1.0" encoding="UTF-8"?>
<testng-results skipped="0" failed="0" ignored="0" total="1" passed="1">
  <reporter-output>
  </reporter-output>
  <suite name="Default suite" duration-ms="24492" started-at="2020-05-25T23:44:42 EDT" finished-at="2020-05-25T23:45:07 EDT">
    <groups>
    </groups>
    <test name="Default test" duration-ms="24492" started-at="2020-05-25T23:44:42 EDT" finished-at="2020-05-25T23:45:07 EDT">
      <class name="opengoogle.CalendarNaveen">
        <test-method status="PASS" signature="testDAtePicker()[pri:0, instance:opengoogle.CalendarNaveen@6f1fba17]" name="testDAtePicker" duration-ms="24441" started-at="2020-05-25T23:44:42 EDT" finished-at="2020-05-25T23:45:07 EDT">
          <reporter-output>
          </reporter-output>
        </test-method> <!-- testDAtePicker -->
      </class> <!-- opengoogle.CalendarNaveen -->
    </test> <!-- Default test -->
  </suite> <!-- Default suite -->
</testng-results>
