<?xml version="1.0" encoding="UTF-8"?>
<!-- Generated by org.testng.reporters.JUnitXMLReporter -->
<testsuite hostname="LAPTOP-M6K02N6J" ignored="2" tests="0" failures="0" timestamp="2020-05-13T13:50:26 EDT" time="0.01" errors="0">
  <testcase name="openGoogle" time="0.0" classname="testNG.ParallelTesting">
    <ignored/>
  </testcase> <!-- openGoogle -->
  <testcase name="openYahoo" time="0.0" classname="testNG.ParallelTesting">
    <ignored/>
  </testcase> <!-- openYahoo -->
</testsuite>
